<?xml version="1.0" encoding="UTF-8"?>
<testsuite name="elevatorSystems.ElevatorSystemTest" tests="1" skipped="0" failures="0" errors="0" timestamp="2022-04-02T21:43:41" hostname="DESKTOP-BL6R913" time="0.028">
  <properties/>
  <testcase name="basicsTest()" classname="elevatorSystems.ElevatorSystemTest" time="0.028"/>
  <system-out><![CDATA[]]></system-out>
  <system-err><![CDATA[]]></system-err>
</testsuite>
