<?xml version="1.0" encoding="UTF-8"?>
<testsuite name="elevatorSystems.ElevatorSystemTest" tests="4" skipped="0" failures="0" errors="0" timestamp="2022-04-07T17:34:59" hostname="DESKTOP-BL6R913" time="0.03">
  <properties/>
  <testcase name="assignmentAlgorithmTest()" classname="elevatorSystems.ElevatorSystemTest" time="0.026"/>
  <testcase name="basicsTest()" classname="elevatorSystems.ElevatorSystemTest" time="0.001"/>
  <testcase name="test4()" classname="elevatorSystems.ElevatorSystemTest" time="0.001"/>
  <testcase name="twoElevators()" classname="elevatorSystems.ElevatorSystemTest" time="0.0"/>
  <system-out><![CDATA[]]></system-out>
  <system-err><![CDATA[]]></system-err>
</testsuite>
